10:55:41.913004 execve("./hello", ["./hello"], 0x7fff7b478f58 /* 68 vars */) = 0
10:55:41.913361 brk(NULL)               = 0x55f73fbf5000
10:55:41.913419 arch_prctl(0x3001 /* ARCH_??? */, 0x7ffc5fd0c840) = -1 EINVAL (無効な引数です)
10:55:41.915086 access("/etc/ld.so.preload", R_OK) = -1 ENOENT (そのようなファイルやディレクトリはありません)
10:55:41.915146 openat(AT_FDCWD, "/etc/ld.so.cache", O_RDONLY|O_CLOEXEC) = 3
10:55:41.915195 newfstatat(3, "", {st_mode=S_IFREG|0644, st_size=136187, ...}, AT_EMPTY_PATH) = 0
10:55:41.915237 mmap(NULL, 136187, PROT_READ, MAP_PRIVATE, 3, 0) = 0x7f1e04f4e000
10:55:41.915270 close(3)                = 0
10:55:41.915333 openat(AT_FDCWD, "/usr/lib/libc.so.6", O_RDONLY|O_CLOEXEC) = 3
10:55:41.915392 read(3, "\177ELF\2\1\1\3\0\0\0\0\0\0\0\0\3\0>\0\1\0\0\0\320\324\2\0\0\0\0\0"..., 832) = 832
10:55:41.915432 pread64(3, "\6\0\0\0\4\0\0\0@\0\0\0\0\0\0\0@\0\0\0\0\0\0\0@\0\0\0\0\0\0\0"..., 784, 64) = 784
10:55:41.915466 pread64(3, "\4\0\0\0@\0\0\0\5\0\0\0GNU\0\2\0\0\300\4\0\0\0\3\0\0\0\0\0\0\0"..., 80, 848) = 80
10:55:41.915499 pread64(3, "\4\0\0\0\24\0\0\0\3\0\0\0GNU\0\205vn\235\204X\261n\234|\346\340|q,\2"..., 68, 928) = 68
10:55:41.915531 newfstatat(3, "", {st_mode=S_IFREG|0755, st_size=2463384, ...}, AT_EMPTY_PATH) = 0
10:55:41.915571 mmap(NULL, 8192, PROT_READ|PROT_WRITE, MAP_PRIVATE|MAP_ANONYMOUS, -1, 0) = 0x7f1e04f4c000
10:55:41.915613 pread64(3, "\6\0\0\0\4\0\0\0@\0\0\0\0\0\0\0@\0\0\0\0\0\0\0@\0\0\0\0\0\0\0"..., 784, 64) = 784
10:55:41.915648 mmap(NULL, 2136752, PROT_READ, MAP_PRIVATE|MAP_DENYWRITE, 3, 0) = 0x7f1e04d42000
10:55:41.915682 mprotect(0x7f1e04d6e000, 1880064, PROT_NONE) = 0
10:55:41.915719 mmap(0x7f1e04d6e000, 1531904, PROT_READ|PROT_EXEC, MAP_PRIVATE|MAP_FIXED|MAP_DENYWRITE, 3, 0x2c000) = 0x7f1e04d6e000
10:55:41.915758 mmap(0x7f1e04ee4000, 344064, PROT_READ, MAP_PRIVATE|MAP_FIXED|MAP_DENYWRITE, 3, 0x1a2000) = 0x7f1e04ee4000
10:55:41.915791 mmap(0x7f1e04f39000, 24576, PROT_READ|PROT_WRITE, MAP_PRIVATE|MAP_FIXED|MAP_DENYWRITE, 3, 0x1f6000) = 0x7f1e04f39000
10:55:41.915830 mmap(0x7f1e04f3f000, 51888, PROT_READ|PROT_WRITE, MAP_PRIVATE|MAP_FIXED|MAP_ANONYMOUS, -1, 0) = 0x7f1e04f3f000
10:55:41.915876 close(3)                = 0
10:55:41.915919 mmap(NULL, 8192, PROT_READ|PROT_WRITE, MAP_PRIVATE|MAP_ANONYMOUS, -1, 0) = 0x7f1e04d40000
10:55:41.915953 arch_prctl(ARCH_SET_FS, 0x7f1e04f4d600) = 0
10:55:41.915981 set_tid_address(0x7f1e04f4d8d0) = 21555
10:55:41.916009 set_robust_list(0x7f1e04f4d8e0, 24) = 0
10:55:41.916037 rseq(0x7f1e04f4dfa0, 0x20, 0, 0x53053053) = 0
10:55:41.916142 mprotect(0x7f1e04f39000, 12288, PROT_READ) = 0
10:55:41.916558 mprotect(0x55f73e605000, 4096, PROT_READ) = 0
10:55:41.916632 mprotect(0x7f1e04fa5000, 8192, PROT_READ) = 0
10:55:41.916705 prlimit64(0, RLIMIT_STACK, NULL, {rlim_cur=8192*1024, rlim_max=RLIM64_INFINITY}) = 0
10:55:41.916771 munmap(0x7f1e04f4e000, 136187) = 0
10:55:41.916860 newfstatat(1, "", {st_mode=S_IFCHR|0620, st_rdev=makedev(0x88, 0), ...}, AT_EMPTY_PATH) = 0
10:55:41.916923 getrandom("\xfa\x9b\x32\x1c\x52\xcc\x2f\xf6", 8, GRND_NONBLOCK) = 8
10:55:41.916971 brk(NULL)               = 0x55f73fbf5000
10:55:41.917008 brk(0x55f73fc16000)     = 0x55f73fc16000
10:55:41.917055 write(1, "hello world\n", 12) = 12
10:55:41.917580 exit_group(0)           = ?
10:55:41.920892 +++ exited with 0 +++
